<?xml version="1.0" encoding="UTF-8"?>
<!-- Generated by org.testng.reporters.JUnitReportReporter -->
<testsuite hostname="DESKTOP-2SJV7GD" failures="0" tests="1" name="com.hms.testscript.TestCaseHms" time="0.016" errors="0" timestamp="2025-09-22T22:47:44 IST" skipped="0">
  <testcase classname="com.hms.testscript.TestCaseHms" name="createProject" time="0.016">
    <system-out>
      <![CDATA[createProject]]>
    </system-out>
  </testcase> <!-- createProject -->
  <system-out>
    <![CDATA[createProject]]>
  </system-out>
</testsuite> <!-- com.hms.testscript.TestCaseHms -->
