<?xml version="1.0" encoding="UTF-8"?>
<!-- Generated by org.testng.reporters.JUnitReportReporter -->
<testsuite hostname="DESKTOP-2SJV7GD" failures="0" tests="1" name="com.hms.testscript.TestCaseHms" time="39.324" errors="0" timestamp="2025-09-25T08:46:47 IST" skipped="0">
  <testcase classname="com.hms.testscript.TestCaseHms" name="createProject" time="39.324">
    <system-out>
      <![CDATA[test start
Appointment Info Saved Successfuly]]>
    </system-out>
  </testcase> <!-- createProject -->
  <system-out>
    <![CDATA[test start
Appointment Info Saved Successfuly]]>
  </system-out>
</testsuite> <!-- com.hms.testscript.TestCaseHms -->
